[19-Aug-2023 12:05:05 UTC] PHP Warning:  Attempt to read property "title" on null in /home/ito/Local Sites/petclinic/app/public/wp-includes/class-wp-customize-widgets.php on line 905
[19-Aug-2023 12:09:02 UTC] PHP Warning:  Undefined property: WP_Ajax_Upgrader_Skin::$api in /home/ito/Local Sites/petclinic/app/public/wp-admin/includes/class-theme-upgrader.php on line 160
[19-Aug-2023 12:38:17 UTC] PHP Warning:  Attempt to read property "title" on null in /home/ito/Local Sites/petclinic/app/public/wp-includes/class-wp-customize-widgets.php on line 905
[19-Aug-2023 12:39:05 UTC] PHP Warning:  Attempt to read property "title" on null in /home/ito/Local Sites/petclinic/app/public/wp-includes/class-wp-customize-widgets.php on line 905
[20-Aug-2023 01:44:20 UTC] PHP Warning:  Attempt to read property "title" on null in /home/ito/Local Sites/petclinic/app/public/wp-includes/class-wp-customize-widgets.php on line 905
[20-Aug-2023 01:51:29 UTC] PHP Warning:  Attempt to read property "title" on null in /home/ito/Local Sites/petclinic/app/public/wp-includes/class-wp-customize-widgets.php on line 905
[20-Aug-2023 01:56:45 UTC] PHP Warning:  Attempt to read property "title" on null in /home/ito/Local Sites/petclinic/app/public/wp-includes/class-wp-customize-widgets.php on line 905
[20-Aug-2023 02:17:32 UTC] PHP Warning:  Attempt to read property "title" on null in /home/ito/Local Sites/petclinic/app/public/wp-includes/class-wp-customize-widgets.php on line 905
[20-Aug-2023 02:29:46 UTC] PHP Warning:  Attempt to read property "title" on null in /home/ito/Local Sites/petclinic/app/public/wp-includes/class-wp-customize-widgets.php on line 905
[20-Aug-2023 02:32:06 UTC] PHP Warning:  Attempt to read property "title" on null in /home/ito/Local Sites/petclinic/app/public/wp-includes/class-wp-customize-widgets.php on line 905
[20-Aug-2023 02:33:07 UTC] PHP Fatal error:  Uncaught Error: Call to undefined function wp_get_current_user() in /home/ito/Local Sites/petclinic/app/public/wp-includes/capabilities.php:877
Stack trace:
#0 /home/ito/Local Sites/petclinic/app/public/wp-includes/theme-previews.php(17): current_user_can('switch_themes')
#1 /home/ito/Local Sites/petclinic/app/public/wp-includes/class-wp-hook.php(310): wp_get_theme_preview_path('twentytwenty')
#2 /home/ito/Local Sites/petclinic/app/public/wp-includes/plugin.php(205): WP_Hook->apply_filters('twentytwenty', Array)
#3 /home/ito/Local Sites/petclinic/app/public/wp-includes/theme.php(183): apply_filters('stylesheet', 'twentytwenty')
#4 /home/ito/Local Sites/petclinic/app/public/wp-content/plugins/royal-elementor-addons/freemius/start.php(56): get_stylesheet()
#5 /home/ito/Local Sites/petclinic/app/public/wp-content/plugins/royal-elementor-addons/wpr-addons.php(51): require_once('/home/ito/Local...')
#6 /home/ito/Local Sites/petclinic/app/public/wp-content/plugins/royal-elementor-addons/wpr-addons.php(78): wpr_fs()
#7 /home/ito/Local Sites/petclinic/app/public/wp-settings.php(462): include_once('/home/ito/Local...')
#8 /home/ito/Local Sites/petclinic/app/public/wp-config.php(103): require_once('/home/ito/Local...')
#9 /home/ito/Local Sites/petclinic/app/public/wp-load.php(50): require_once('/home/ito/Local...')
#10 /home/ito/Local Sites/petclinic/app/public/wp-admin/admin.php(34): require_once('/home/ito/Local...')
#11 /home/ito/Local Sites/petclinic/app/public/wp-admin/site-editor.php(12): require_once('/home/ito/Local...')
#12 {main}
  thrown in /home/ito/Local Sites/petclinic/app/public/wp-includes/capabilities.php on line 877
[20-Aug-2023 02:33:12 UTC] PHP Fatal error:  Uncaught Error: Call to undefined function wp_get_current_user() in /home/ito/Local Sites/petclinic/app/public/wp-includes/capabilities.php:877
Stack trace:
#0 /home/ito/Local Sites/petclinic/app/public/wp-includes/theme-previews.php(17): current_user_can('switch_themes')
#1 /home/ito/Local Sites/petclinic/app/public/wp-includes/class-wp-hook.php(310): wp_get_theme_preview_path('twentytwenty')
#2 /home/ito/Local Sites/petclinic/app/public/wp-includes/plugin.php(205): WP_Hook->apply_filters('twentytwenty', Array)
#3 /home/ito/Local Sites/petclinic/app/public/wp-includes/theme.php(183): apply_filters('stylesheet', 'twentytwenty')
#4 /home/ito/Local Sites/petclinic/app/public/wp-content/plugins/royal-elementor-addons/freemius/start.php(56): get_stylesheet()
#5 /home/ito/Local Sites/petclinic/app/public/wp-content/plugins/royal-elementor-addons/wpr-addons.php(51): require_once('/home/ito/Local...')
#6 /home/ito/Local Sites/petclinic/app/public/wp-content/plugins/royal-elementor-addons/wpr-addons.php(78): wpr_fs()
#7 /home/ito/Local Sites/petclinic/app/public/wp-settings.php(462): include_once('/home/ito/Local...')
#8 /home/ito/Local Sites/petclinic/app/public/wp-config.php(103): require_once('/home/ito/Local...')
#9 /home/ito/Local Sites/petclinic/app/public/wp-load.php(50): require_once('/home/ito/Local...')
#10 /home/ito/Local Sites/petclinic/app/public/wp-admin/admin.php(34): require_once('/home/ito/Local...')
#11 /home/ito/Local Sites/petclinic/app/public/wp-admin/site-editor.php(12): require_once('/home/ito/Local...')
#12 {main}
  thrown in /home/ito/Local Sites/petclinic/app/public/wp-includes/capabilities.php on line 877
[20-Aug-2023 06:06:41 UTC] フックの cron 再予約イベントエラー: wp_privacy_delete_old_export_files、エラーコード: could_not_set、エラーメッセージ: Cron イベントのリストを保存できません。、データ: {"schedule":"hourly","args":[],"interval":3600}
[20-Aug-2023 12:19:08 UTC] PHP Warning:  Trying to access array offset on value of type null in /home/ito/Local Sites/petclinic/app/public/wp-content/plugins/colibri-page-builder/extend-builder/import_theme_data.php on line 512
[20-Aug-2023 12:19:08 UTC] PHP Warning:  Trying to access array offset on value of type null in /home/ito/Local Sites/petclinic/app/public/wp-content/plugins/colibri-page-builder/extend-builder/import_theme_data.php on line 513
[20-Aug-2023 12:19:08 UTC] PHP Warning:  Trying to access array offset on value of type null in /home/ito/Local Sites/petclinic/app/public/wp-content/plugins/colibri-page-builder/extend-builder/import_theme_data.php on line 516
[20-Aug-2023 12:19:08 UTC] PHP Warning:  Trying to access array offset on value of type null in /home/ito/Local Sites/petclinic/app/public/wp-content/plugins/colibri-page-builder/extend-builder/import_theme_data.php on line 516
[20-Aug-2023 12:19:08 UTC] PHP Warning:  Trying to access array offset on value of type null in /home/ito/Local Sites/petclinic/app/public/wp-content/plugins/colibri-page-builder/extend-builder/import_theme_data.php on line 516
[20-Aug-2023 12:19:08 UTC] PHP Warning:  Trying to access array offset on value of type null in /home/ito/Local Sites/petclinic/app/public/wp-content/plugins/colibri-page-builder/extend-builder/import_theme_data.php on line 517
[20-Aug-2023 12:19:08 UTC] PHP Warning:  Trying to access array offset on value of type null in /home/ito/Local Sites/petclinic/app/public/wp-content/plugins/colibri-page-builder/extend-builder/import_theme_data.php on line 517
[20-Aug-2023 12:19:08 UTC] PHP Warning:  Trying to access array offset on value of type null in /home/ito/Local Sites/petclinic/app/public/wp-content/plugins/colibri-page-builder/extend-builder/import_theme_data.php on line 517
[20-Aug-2023 13:08:23 UTC] PHP Warning:  Undefined variable $component in /home/ito/Local Sites/petclinic/app/public/wp-content/themes/althea-wp/template-parts/front-footer/footer.php on line 19
[20-Aug-2023 13:08:23 UTC] PHP Fatal error:  Uncaught Error: Call to a member function printParalaxJsToggle() on null in /home/ito/Local Sites/petclinic/app/public/wp-content/themes/althea-wp/template-parts/front-footer/footer.php:19
Stack trace:
#0 /home/ito/Local Sites/petclinic/app/public/wp-includes/template.php(787): require()
#1 /home/ito/Local Sites/petclinic/app/public/wp-includes/template.php(720): load_template('/home/ito/Local...', false, Array)
#2 /home/ito/Local Sites/petclinic/app/public/wp-includes/general-template.php(206): locate_template(Array, true, false, Array)
#3 /home/ito/Local Sites/petclinic/app/public/wp-content/themes/althea-wp/inc/vendor/colibriwp/themebase/src/View.php(60): get_template_part('/template-parts...')
#4 /home/ito/Local Sites/petclinic/app/public/wp-content/themes/althea-wp/inc/vendor/colibriwp/themebase/src/View.php(30): ColibriWP\Theme\View::make('/template-parts...', Array, false)
#5 /home/ito/Local Sites/petclinic/app/public/wp-content/themes/althea-wp/inc/vendor/colibriwp/themebase/src/Components/Footer/FrontFooter.php(107): ColibriWP\Theme\View::partial('front-footer', 'footer', Array)
#6 /home/ito/Local Sites/petclinic/app/public/wp-content/themes/althea-wp/inc/vendor/colibriwp/themebase/src/Core/ComponentBase.php(183): ColibriWP\Theme\Components\Footer\FrontFooter->renderContent(Array)
#7 /home/ito/Local Sites/petclinic/app/public/wp-content/themes/althea-wp/inc/vendor/colibriwp/themebase/src/Components/Footer.php(82): ColibriWP\Theme\Core\ComponentBase->render()
#8 /home/ito/Local Sites/petclinic/app/public/wp-content/themes/althea-wp/inc/vendor/colibriwp/themebase/src/Core/ComponentBase.php(183): ColibriWP\Theme\Components\Footer->renderContent(Array)
#9 /home/ito/Local Sites/petclinic/app/public/wp-content/themes/althea-wp/footer.php(1): ColibriWP\Theme\Core\ComponentBase->render()
#10 /home/ito/Local Sites/petclinic/app/public/wp-includes/template.php(785): require_once('/home/ito/Local...')
#11 /home/ito/Local Sites/petclinic/app/public/wp-includes/template.php(720): load_template('/home/ito/Local...', true, Array)
#12 /home/ito/Local Sites/petclinic/app/public/wp-includes/general-template.php(92): locate_template(Array, true, true, Array)
#13 /home/ito/Local Sites/petclinic/app/public/wp-content/themes/althea-wp/index.php(7): get_footer()
#14 /home/ito/Local Sites/petclinic/app/public/wp-includes/template-loader.php(106): include('/home/ito/Local...')
#15 /home/ito/Local Sites/petclinic/app/public/wp-blog-header.php(19): require_once('/home/ito/Local...')
#16 /home/ito/Local Sites/petclinic/app/public/index.php(17): require('/home/ito/Local...')
#17 {main}
  thrown in /home/ito/Local Sites/petclinic/app/public/wp-content/themes/althea-wp/template-parts/front-footer/footer.php on line 19
[20-Aug-2023 13:08:32 UTC] PHP Warning:  Undefined variable $component in /home/ito/Local Sites/petclinic/app/public/wp-content/themes/althea-wp/template-parts/front-footer/footer.php on line 19
[20-Aug-2023 13:08:32 UTC] PHP Fatal error:  Uncaught Error: Call to a member function printParalaxJsToggle() on null in /home/ito/Local Sites/petclinic/app/public/wp-content/themes/althea-wp/template-parts/front-footer/footer.php:19
Stack trace:
#0 /home/ito/Local Sites/petclinic/app/public/wp-includes/template.php(787): require()
#1 /home/ito/Local Sites/petclinic/app/public/wp-includes/template.php(720): load_template('/home/ito/Local...', false, Array)
#2 /home/ito/Local Sites/petclinic/app/public/wp-includes/general-template.php(206): locate_template(Array, true, false, Array)
#3 /home/ito/Local Sites/petclinic/app/public/wp-content/themes/althea-wp/inc/vendor/colibriwp/themebase/src/View.php(60): get_template_part('/template-parts...')
#4 /home/ito/Local Sites/petclinic/app/public/wp-content/themes/althea-wp/inc/vendor/colibriwp/themebase/src/View.php(30): ColibriWP\Theme\View::make('/template-parts...', Array, false)
#5 /home/ito/Local Sites/petclinic/app/public/wp-content/themes/althea-wp/inc/vendor/colibriwp/themebase/src/Components/Footer/FrontFooter.php(107): ColibriWP\Theme\View::partial('front-footer', 'footer', Array)
#6 /home/ito/Local Sites/petclinic/app/public/wp-content/themes/althea-wp/inc/vendor/colibriwp/themebase/src/Core/ComponentBase.php(183): ColibriWP\Theme\Components\Footer\FrontFooter->renderContent(Array)
#7 /home/ito/Local Sites/petclinic/app/public/wp-content/themes/althea-wp/inc/vendor/colibriwp/themebase/src/Components/Footer.php(82): ColibriWP\Theme\Core\ComponentBase->render()
#8 /home/ito/Local Sites/petclinic/app/public/wp-content/themes/althea-wp/inc/vendor/colibriwp/themebase/src/Core/ComponentBase.php(183): ColibriWP\Theme\Components\Footer->renderContent(Array)
#9 /home/ito/Local Sites/petclinic/app/public/wp-content/themes/althea-wp/footer.php(1): ColibriWP\Theme\Core\ComponentBase->render()
#10 /home/ito/Local Sites/petclinic/app/public/wp-includes/template.php(785): require_once('/home/ito/Local...')
#11 /home/ito/Local Sites/petclinic/app/public/wp-includes/template.php(720): load_template('/home/ito/Local...', true, Array)
#12 /home/ito/Local Sites/petclinic/app/public/wp-includes/general-template.php(92): locate_template(Array, true, true, Array)
#13 /home/ito/Local Sites/petclinic/app/public/wp-content/themes/althea-wp/index.php(7): get_footer()
#14 /home/ito/Local Sites/petclinic/app/public/wp-includes/template-loader.php(106): include('/home/ito/Local...')
#15 /home/ito/Local Sites/petclinic/app/public/wp-blog-header.php(19): require_once('/home/ito/Local...')
#16 /home/ito/Local Sites/petclinic/app/public/index.php(17): require('/home/ito/Local...')
#17 {main}
  thrown in /home/ito/Local Sites/petclinic/app/public/wp-content/themes/althea-wp/template-parts/front-footer/footer.php on line 19
