[17-Aug-2023 19:53:12] NOTICE: fpm is running, pid 13377
[17-Aug-2023 19:53:12] NOTICE: ready to handle connections
[17-Aug-2023 21:36:44] NOTICE: Terminating ...
[17-Aug-2023 21:36:44] NOTICE: Terminating ...
[17-Aug-2023 21:36:44] NOTICE: exiting, bye-bye!
[17-Aug-2023 21:37:00] NOTICE: fpm is running, pid 16590
[17-Aug-2023 21:37:00] NOTICE: ready to handle connections
[17-Aug-2023 21:38:21] NOTICE: Terminating ...
[17-Aug-2023 21:38:21] NOTICE: Terminating ...
[17-Aug-2023 21:38:21] NOTICE: exiting, bye-bye!
[18-Aug-2023 09:15:39] NOTICE: fpm is running, pid 13853
[18-Aug-2023 09:15:39] NOTICE: ready to handle connections
[18-Aug-2023 09:53:11] NOTICE: Terminating ...
[18-Aug-2023 09:53:11] NOTICE: Terminating ...
[18-Aug-2023 09:53:11] NOTICE: exiting, bye-bye!
[18-Aug-2023 13:49:31] NOTICE: fpm is running, pid 11932
[18-Aug-2023 13:49:31] NOTICE: ready to handle connections
[18-Aug-2023 16:11:53] NOTICE: Terminating ...
[18-Aug-2023 16:11:53] NOTICE: Terminating ...
[18-Aug-2023 16:11:53] NOTICE: exiting, bye-bye!
[19-Aug-2023 08:06:27] NOTICE: fpm is running, pid 11384
[19-Aug-2023 08:06:27] NOTICE: ready to handle connections
[19-Aug-2023 08:07:47] NOTICE: Terminating ...
[19-Aug-2023 08:07:47] NOTICE: Terminating ...
[19-Aug-2023 08:07:47] NOTICE: exiting, bye-bye!
[19-Aug-2023 08:17:32] NOTICE: fpm is running, pid 12906
[19-Aug-2023 08:17:32] NOTICE: ready to handle connections
[19-Aug-2023 08:51:10] NOTICE: Terminating ...
[19-Aug-2023 08:51:10] NOTICE: Terminating ...
[19-Aug-2023 08:51:10] NOTICE: exiting, bye-bye!
[19-Aug-2023 13:49:05] NOTICE: fpm is running, pid 11010
[19-Aug-2023 13:49:05] NOTICE: ready to handle connections
[19-Aug-2023 14:41:35] NOTICE: Terminating ...
[19-Aug-2023 14:41:35] NOTICE: Terminating ...
[19-Aug-2023 14:41:35] NOTICE: exiting, bye-bye!
[19-Aug-2023 15:23:32] NOTICE: fpm is running, pid 17086
[19-Aug-2023 15:23:32] NOTICE: ready to handle connections
[19-Aug-2023 16:12:51] NOTICE: Terminating ...
[19-Aug-2023 16:12:51] NOTICE: Terminating ...
[19-Aug-2023 16:12:51] NOTICE: exiting, bye-bye!
[19-Aug-2023 19:38:43] NOTICE: fpm is running, pid 22388
[19-Aug-2023 19:38:43] NOTICE: ready to handle connections
[19-Aug-2023 20:01:44] NOTICE: Terminating ...
[19-Aug-2023 20:01:44] NOTICE: Terminating ...
[19-Aug-2023 20:01:44] NOTICE: exiting, bye-bye!
[19-Aug-2023 20:38:51] NOTICE: fpm is running, pid 25035
[19-Aug-2023 20:38:51] NOTICE: ready to handle connections
[19-Aug-2023 21:25:17] NOTICE: Terminating ...
[19-Aug-2023 21:25:17] NOTICE: Terminating ...
[19-Aug-2023 21:25:17] NOTICE: exiting, bye-bye!
[19-Aug-2023 21:32:41] NOTICE: fpm is running, pid 26520
[19-Aug-2023 21:32:41] NOTICE: ready to handle connections
[19-Aug-2023 21:49:10] NOTICE: Terminating ...
[19-Aug-2023 21:49:10] NOTICE: Terminating ...
[19-Aug-2023 21:49:10] NOTICE: exiting, bye-bye!
[20-Aug-2023 10:42:08] NOTICE: fpm is running, pid 20707
[20-Aug-2023 10:42:08] NOTICE: ready to handle connections
[20-Aug-2023 13:12:22] NOTICE: Terminating ...
[20-Aug-2023 13:12:22] NOTICE: Terminating ...
[20-Aug-2023 13:12:22] NOTICE: exiting, bye-bye!
[20-Aug-2023 15:06:39] NOTICE: fpm is running, pid 10314
[20-Aug-2023 15:06:39] NOTICE: ready to handle connections
[20-Aug-2023 19:05:05] NOTICE: Terminating ...
[20-Aug-2023 19:05:05] NOTICE: Terminating ...
[20-Aug-2023 19:05:05] NOTICE: exiting, bye-bye!
[20-Aug-2023 20:35:39] NOTICE: fpm is running, pid 42481
[20-Aug-2023 20:35:39] NOTICE: ready to handle connections
[20-Aug-2023 20:35:42] NOTICE: Terminating ...
[20-Aug-2023 20:35:42] NOTICE: Terminating ...
[20-Aug-2023 20:35:42] NOTICE: exiting, bye-bye!
[20-Aug-2023 20:48:38] NOTICE: fpm is running, pid 45042
[20-Aug-2023 20:48:38] NOTICE: ready to handle connections
[20-Aug-2023 22:39:12] NOTICE: Terminating ...
[20-Aug-2023 22:39:12] NOTICE: Terminating ...
[20-Aug-2023 22:39:12] NOTICE: exiting, bye-bye!
[20-Aug-2023 22:39:17] NOTICE: fpm is running, pid 48715
[20-Aug-2023 22:39:17] NOTICE: ready to handle connections
[20-Aug-2023 23:04:58] NOTICE: Terminating ...
[20-Aug-2023 23:04:58] NOTICE: Terminating ...
[20-Aug-2023 23:04:58] NOTICE: exiting, bye-bye!
[06-Sep-2023 22:43:32] NOTICE: fpm is running, pid 11534
[06-Sep-2023 22:43:32] NOTICE: ready to handle connections
[06-Sep-2023 23:11:27] NOTICE: Terminating ...
[06-Sep-2023 23:11:27] NOTICE: Terminating ...
[06-Sep-2023 23:11:27] NOTICE: exiting, bye-bye!
[07-Sep-2023 14:01:01] NOTICE: fpm is running, pid 15887
[07-Sep-2023 14:01:01] NOTICE: ready to handle connections
[07-Sep-2023 14:02:53] NOTICE: Terminating ...
[07-Sep-2023 14:02:53] NOTICE: Terminating ...
[07-Sep-2023 14:02:53] NOTICE: exiting, bye-bye!
[07-Sep-2023 15:34:21] NOTICE: fpm is running, pid 19895
[07-Sep-2023 15:34:21] NOTICE: ready to handle connections
[07-Sep-2023 18:06:13] NOTICE: Terminating ...
[07-Sep-2023 18:06:13] NOTICE: Terminating ...
[07-Sep-2023 18:06:13] NOTICE: exiting, bye-bye!
